================================================================================
Marching cubes : 
	Iso value :0.5

	There are 10114 points.
	There are 20096 polygons.
================================================================================
================================================================================
Smoothing : 
	Feature angle :120.0
	Number of iteration :5
	Pass band : 0.01

================================================================================
================================================================================
Decimation : 
	Reduction (percentage) :0.9

	Before decimation
	-----------------
	There are 10114 points.
	There are 20096 polygons.

	After decimation
	-----------------
	There are 0.9 points.
	There are 10114 polygons.
================================================================================
Number of vertices : 1019
Number of faces : 2009
